<?xml version="1.0" encoding="UTF-8"?>
<testsuite name="trianglepackage.TriangleTest" tests="1" skipped="0" failures="0" errors="0" timestamp="2019-11-05T17:49:23" hostname="DESKTOP-Q19VB99" time="0.033">
  <properties/>
  <testcase name="testClasseficacaoScalene()" classname="trianglepackage.TriangleTest" time="0.033"/>
  <system-out><![CDATA[]]></system-out>
  <system-err><![CDATA[]]></system-err>
</testsuite>
